WARN main com.documentum.fc.client.security.internal.RegistrationMgr - [DFC_SECURITY_GR_PUBLICATION_FAILED] Publication of DFC instance with global registry failed
DfException:: THREAD: main; MSG: [DFC_BOF_GLOBAL_REGISTRY_UNAVAILABLE] Unable to connect to the global registry no session; ERRORCODE: ff; NEXT: null
	at com.documentum.fc.client.security.impl.DfcIdentityPublisher.<init>(DfcIdentityPublisher.java:55)
	at com.documentum.fc.client.security.internal.RegistrationMgr.register(RegistrationMgr.java:34)
	at com.documentum.fc.impl.RuntimeContext.<clinit>(RuntimeContext.java:195)
	at com.documentum.fc.client.DfClient.<clinit>(DfClient.java:772)
	at com.alstom.dfc.Connector.connectToDocbase(Connector.java:55)
	at com.alstom.dfc.Standalone.main(Standalone.java:18)
INFO main com.documentum.fc.client.impl.connection.docbase.DocbaseConnection - Object protocol version 2
INFO main com.alstom.dfc.Standalone - Application done.
INFO main com.alstom.dfc.Standalone - Application starting.
WARN main com.documentum.fc.impl.util.PBEUtils - DfException:: THREAD: main; MSG: [DFC_API_W_ATTEMPT_TO_USE_DEPRECATED_CRYPTO_API] WARNING: Program attempts to use deprecated non-FIPS compliant cryptography API.  This is not recommended.  Please consult the documentation for more detail.   ; ERRORCODE: ff; NEXT: null
	at com.documentum.fc.impl.util.PBEUtils.decrypt(PBEUtils.java:125)
	at com.documentum.fc.impl.util.RegistryPasswordUtils.decrypt(RegistryPasswordUtils.java:114)
	at com.documentum.fc.common.DfPreferences$EncryptedPasswordHandler.isEncrypted(DfPreferences.java:2020)
	at com.documentum.fc.common.DfPreferences$EncryptedPasswordHandler.set(DfPreferences.java:2012)
	at com.documentum.fc.client.DfTypedObject.doSetString(DfTypedObject.java:1441)
	at com.documentum.fc.client.DfTypedObject.setString(DfTypedObject.java:1418)
	at com.documentum.fc.common.impl.preferences.TypedPreferences.loadProperty(TypedPreferences.java:465)
	at com.documentum.fc.common.impl.preferences.TypedPreferences.loadProperties(TypedPreferences.java:343)
	at com.documentum.fc.common.DfPreferences.loadProperties(DfPreferences.java:377)
	at com.documentum.fc.common.impl.preferences.PreferencesManager.<init>(PreferencesManager.java:38)
	at com.documentum.fc.common.DfPreferences.initialize(DfPreferences.java:64)
	at com.documentum.fc.common.DfPreferences.getInstance(DfPreferences.java:43)
	at com.documentum.fc.client.DfSimpleDbor.getDefaultDbor(DfSimpleDbor.java:78)
	at com.documentum.fc.client.DfSimpleDbor.<init>(DfSimpleDbor.java:66)
	at com.documentum.fc.client.DfClient$ClientImpl.<init>(DfClient.java:350)
	at com.documentum.fc.client.DfClient.<clinit>(DfClient.java:766)
	at com.alstom.dfc.Connector.connectToDocbase(Connector.java:55)
	at com.alstom.dfc.Standalone.main(Standalone.java:18)

WARN main com.documentum.fc.impl.util.PBEUtils - DfException:: THREAD: main; MSG: [DFC_API_W_ATTEMPT_TO_USE_DEPRECATED_CRYPTO_API] WARNING: Program attempts to use deprecated non-FIPS compliant cryptography API.  This is not recommended.  Please consult the documentation for more detail.   ; ERRORCODE: ff; NEXT: null
	at com.documentum.fc.impl.util.PBEUtils.decrypt(PBEUtils.java:125)
	at com.documentum.fc.impl.util.RegistryPasswordUtils.decrypt(RegistryPasswordUtils.java:114)
	at com.documentum.fc.common.DfPreferences$PasswordHandler.encryptIfNecessary(DfPreferences.java:1986)
	at com.documentum.fc.common.DfPreferences$PasswordHandler.set(DfPreferences.java:1979)
	at com.documentum.fc.common.DfPreferences$EncryptedPasswordHandler.set(DfPreferences.java:2013)
	at com.documentum.fc.client.DfTypedObject.doSetString(DfTypedObject.java:1441)
	at com.documentum.fc.client.DfTypedObject.setString(DfTypedObject.java:1418)
	at com.documentum.fc.common.impl.preferences.TypedPreferences.loadProperty(TypedPreferences.java:465)
	at com.documentum.fc.common.impl.preferences.TypedPreferences.loadProperties(TypedPreferences.java:343)
	at com.documentum.fc.common.DfPreferences.loadProperties(DfPreferences.java:377)
	at com.documentum.fc.common.impl.preferences.PreferencesManager.<init>(PreferencesManager.java:38)
	at com.documentum.fc.common.DfPreferences.initialize(DfPreferences.java:64)
	at com.documentum.fc.common.DfPreferences.getInstance(DfPreferences.java:43)
	at com.documentum.fc.client.DfSimpleDbor.getDefaultDbor(DfSimpleDbor.java:78)
	at com.documentum.fc.client.DfSimpleDbor.<init>(DfSimpleDbor.java:66)
	at com.documentum.fc.client.DfClient$ClientImpl.<init>(DfClient.java:350)
	at com.documentum.fc.client.DfClient.<clinit>(DfClient.java:766)
	at com.alstom.dfc.Connector.connectToDocbase(Connector.java:55)
	at com.alstom.dfc.Standalone.main(Standalone.java:18)

ERROR main com.documentum.fc.common.DfPreferences - [DFC_PREFERENCE_BAD_VALUE] Bad value for preference "dfc.security.keystore.file", value="/export/home/dmadmin/shared/config/dfc.keystore"
DfAttributeValueException:: THREAD: main; MSG: [DFC_OBJECT_BADATTRVALUE] Directory doesn't exist; ERRORCODE: ff; NEXT: null
	at com.documentum.fc.client.attributehandler.DfFileFilter.verifyExistence(DfFileFilter.java:54)
	at com.documentum.fc.client.attributehandler.DfFileFilter.set(DfFileFilter.java:25)
	at com.documentum.fc.client.DfTypedObject.doSetString(DfTypedObject.java:1441)
	at com.documentum.fc.client.DfTypedObject.setString(DfTypedObject.java:1418)
	at com.documentum.fc.common.impl.preferences.TypedPreferences.loadProperty(TypedPreferences.java:465)
	at com.documentum.fc.common.impl.preferences.TypedPreferences.loadProperties(TypedPreferences.java:343)
	at com.documentum.fc.common.DfPreferences.loadProperties(DfPreferences.java:377)
	at com.documentum.fc.common.impl.preferences.PreferencesManager.<init>(PreferencesManager.java:38)
	at com.documentum.fc.common.DfPreferences.initialize(DfPreferences.java:64)
	at com.documentum.fc.common.DfPreferences.getInstance(DfPreferences.java:43)
	at com.documentum.fc.client.DfSimpleDbor.getDefaultDbor(DfSimpleDbor.java:78)
	at com.documentum.fc.client.DfSimpleDbor.<init>(DfSimpleDbor.java:66)
	at com.documentum.fc.client.DfClient$ClientImpl.<init>(DfClient.java:350)
	at com.documentum.fc.client.DfClient.<clinit>(DfClient.java:766)
	at com.alstom.dfc.Connector.connectToDocbase(Connector.java:55)
	at com.alstom.dfc.Standalone.main(Standalone.java:18)
WARN main com.documentum.fc.impl.util.PBEUtils - DfException:: THREAD: main; MSG: [DFC_API_W_ATTEMPT_TO_USE_DEPRECATED_CRYPTO_API] WARNING: Program attempts to use deprecated non-FIPS compliant cryptography API.  This is not recommended.  Please consult the documentation for more detail.   ; ERRORCODE: ff; NEXT: null
	at com.documentum.fc.impl.util.PBEUtils.decrypt(PBEUtils.java:125)
	at com.documentum.fc.impl.util.RegistryPasswordUtils.decrypt(RegistryPasswordUtils.java:114)
	at com.documentum.fc.common.DfPreferences$PasswordHandler.encryptIfNecessary(DfPreferences.java:1986)
	at com.documentum.fc.common.DfPreferences$PasswordHandler.set(DfPreferences.java:1979)
	at com.documentum.fc.common.DfPreferences$EncryptedPasswordHandler.set(DfPreferences.java:2013)
	at com.documentum.fc.client.DfTypedObject.doSetString(DfTypedObject.java:1441)
	at com.documentum.fc.client.DfTypedObject.setString(DfTypedObject.java:1418)
	at com.documentum.fc.common.impl.preferences.TypedPreferences.loadProperty(TypedPreferences.java:465)
	at com.documentum.fc.common.impl.preferences.TypedPreferences.loadProperties(TypedPreferences.java:343)
	at com.documentum.fc.common.DfPreferences.loadProperties(DfPreferences.java:377)
	at com.documentum.fc.common.impl.preferences.PreferencesManager.<init>(PreferencesManager.java:39)
	at com.documentum.fc.common.DfPreferences.initialize(DfPreferences.java:64)
	at com.documentum.fc.common.DfPreferences.getInstance(DfPreferences.java:43)
	at com.documentum.fc.client.DfSimpleDbor.getDefaultDbor(DfSimpleDbor.java:78)
	at com.documentum.fc.client.DfSimpleDbor.<init>(DfSimpleDbor.java:66)
	at com.documentum.fc.client.DfClient$ClientImpl.<init>(DfClient.java:350)
	at com.documentum.fc.client.DfClient.<clinit>(DfClient.java:766)
	at com.alstom.dfc.Connector.connectToDocbase(Connector.java:55)
	at com.alstom.dfc.Standalone.main(Standalone.java:18)

ERROR main com.documentum.fc.common.DfPreferences - [DFC_PREFERENCE_BAD_VALUE] Bad value for preference "dfc.security.keystore.file", value="/export/home/dmadmin/shared/config/dfc.keystore"
DfAttributeValueException:: THREAD: main; MSG: [DFC_OBJECT_BADATTRVALUE] Directory doesn't exist; ERRORCODE: ff; NEXT: null
	at com.documentum.fc.client.attributehandler.DfFileFilter.verifyExistence(DfFileFilter.java:54)
	at com.documentum.fc.client.attributehandler.DfFileFilter.set(DfFileFilter.java:25)
	at com.documentum.fc.client.DfTypedObject.doSetString(DfTypedObject.java:1441)
	at com.documentum.fc.client.DfTypedObject.setString(DfTypedObject.java:1418)
	at com.documentum.fc.common.impl.preferences.TypedPreferences.loadProperty(TypedPreferences.java:465)
	at com.documentum.fc.common.impl.preferences.TypedPreferences.loadProperties(TypedPreferences.java:343)
	at com.documentum.fc.common.DfPreferences.loadProperties(DfPreferences.java:377)
	at com.documentum.fc.common.impl.preferences.PreferencesManager.<init>(PreferencesManager.java:39)
	at com.documentum.fc.common.DfPreferences.initialize(DfPreferences.java:64)
	at com.documentum.fc.common.DfPreferences.getInstance(DfPreferences.java:43)
	at com.documentum.fc.client.DfSimpleDbor.getDefaultDbor(DfSimpleDbor.java:78)
	at com.documentum.fc.client.DfSimpleDbor.<init>(DfSimpleDbor.java:66)
	at com.documentum.fc.client.DfClient$ClientImpl.<init>(DfClient.java:350)
	at com.documentum.fc.client.DfClient.<clinit>(DfClient.java:766)
	at com.alstom.dfc.Connector.connectToDocbase(Connector.java:55)
	at com.alstom.dfc.Standalone.main(Standalone.java:18)
INFO main com.documentum.fc.client.security.impl.JKSKeystoreUtilForDfc - keystore file name is C:\Users\Marcin\workspace-trainings\DFCalstom\bin\dfc.keystore
INFO main com.documentum.fc.client.security.impl.InitializeKeystoreForDfc - [DFC_SECURITY_IDENTITY_LOADED] Loaded identity from keystore, DFC alias=dfc, identity=dfc_JnKRfMJ6wTQc2YbNXGmS85mR1Cka
INFO main com.documentum.fc.client.security.impl.AuthenticationMgrForDfc - identity for authentication is dfc_JnKRfMJ6wTQc2YbNXGmS85mR1Cka
INFO main com.documentum.fc.impl.RuntimeContext - DFC Version is 7.1.0000.0098
INFO Timer-1 com.documentum.fc.client.impl.bof.cache.ClassCacheManager$CacheCleanupTask - [DFC_BOF_RUNNING_CLEANUP] Running class cache cleanup task
WARN main com.documentum.fc.impl.util.PBEUtils - DfException:: THREAD: main; MSG: [DFC_API_W_ATTEMPT_TO_USE_DEPRECATED_CRYPTO_API] WARNING: Program attempts to use deprecated non-FIPS compliant cryptography API.  This is not recommended.  Please consult the documentation for more detail.   ; ERRORCODE: ff; NEXT: null
	at com.documentum.fc.impl.util.PBEUtils.decrypt(PBEUtils.java:125)
	at com.documentum.fc.impl.util.RegistryPasswordUtils.decrypt(RegistryPasswordUtils.java:114)
	at com.documentum.fc.common.DfPreferences$PasswordHandler.get(DfPreferences.java:1973)
	at com.documentum.fc.client.DfTypedObject.doGetString(DfTypedObject.java:619)
	at com.documentum.fc.client.DfTypedObject.getString(DfTypedObject.java:597)
	at com.documentum.fc.common.impl.preferences.TypedPreferences.getString(TypedPreferences.java:154)
	at com.documentum.fc.client.DfTypedObject.getStringUnchecked(DfTypedObject.java:674)
	at com.documentum.fc.common.DfPreferences.getGlobalRegistryPassword(DfPreferences.java:1110)
	at com.documentum.fc.client.impl.bof.classmgmt.ModuleManager.getSboHostLoginInfo(ModuleManager.java:409)
	at com.documentum.fc.client.impl.bof.classmgmt.ModuleManager.connect(ModuleManager.java:381)
	at com.documentum.fc.client.impl.bof.classmgmt.ModuleManager.init(ModuleManager.java:340)
	at com.documentum.fc.client.impl.bof.classmgmt.ModuleManager.getInstance(ModuleManager.java:43)
	at com.documentum.fc.client.security.impl.DfcIdentityPublisher.<init>(DfcIdentityPublisher.java:44)
	at com.documentum.fc.client.security.internal.RegistrationMgr.register(RegistrationMgr.java:34)
	at com.documentum.fc.impl.RuntimeContext.<clinit>(RuntimeContext.java:195)
	at com.documentum.fc.client.DfClient.<clinit>(DfClient.java:772)
	at com.alstom.dfc.Connector.connectToDocbase(Connector.java:55)
	at com.alstom.dfc.Standalone.main(Standalone.java:18)

INFO main com.documentum.fc.client.impl.connection.docbase.DocbaseConnection - Object protocol version 2
INFO main com.documentum.fc.client.security.internal.AuthenticationMgr - new identity bundle <dfc_JnKRfMJ6wTQc2YbNXGmS85mR1Cka	1417001548	beherit		gWhcQS4XNbzAofD6oYInuWBoBsZIRQcyY25v4RVKACN3Pcab+aINRd1AXefYEWYRPmDdVaFaDUZRNjEx+DXppsZFZXIkJFub41k50rP4h+V9YGLZrwbMZPi3mw8MB5LqBQU54vaKHD4UArQnBzjr3oIfhk+OiTVveOVRQ5+PXUA=>
WARN main com.documentum.fc.client.impl.bof.classmgmt.ModuleManager - [DFC_BOF_COULDNT_CONNECT_TO_REGISTRY] Unable to connect to module registry, docbase name juventus username dm_bof_registry.
DfAuthenticationException:: THREAD: main; MSG: [DM_SESSION_E_AUTH_FAIL]error:  "Authentication failed for user dm_bof_registry with docbase juventus."; ERRORCODE: 100; NEXT: null
	at com.documentum.fc.client.impl.docbase.DocbaseExceptionMapper.newException(DocbaseExceptionMapper.java:52)
	at com.documentum.fc.client.impl.connection.docbase.MessageEntry.getException(MessageEntry.java:39)
	at com.documentum.fc.client.impl.connection.docbase.DocbaseMessageManager.getException(DocbaseMessageManager.java:137)
	at com.documentum.fc.client.impl.connection.docbase.netwise.NetwiseDocbaseRpcClient.checkForMessages(NetwiseDocbaseRpcClient.java:310)
	at com.documentum.fc.client.impl.connection.docbase.netwise.NetwiseDocbaseRpcClient.applyForObject(NetwiseDocbaseRpcClient.java:653)
	at com.documentum.fc.client.impl.connection.docbase.DocbaseConnection$8.evaluate(DocbaseConnection.java:1370)
	at com.documentum.fc.client.impl.connection.docbase.DocbaseConnection.evaluateRpc(DocbaseConnection.java:1129)
	at com.documentum.fc.client.impl.connection.docbase.DocbaseConnection.applyForObject(DocbaseConnection.java:1362)
	at com.documentum.fc.client.impl.docbase.DocbaseApi.authenticateUser(DocbaseApi.java:1867)
	at com.documentum.fc.client.impl.connection.docbase.DocbaseConnection.authenticate(DocbaseConnection.java:435)
	at com.documentum.fc.client.impl.connection.docbase.DocbaseConnection.open(DocbaseConnection.java:130)
	at com.documentum.fc.client.impl.connection.docbase.DocbaseConnection.<init>(DocbaseConnection.java:99)
	at com.documentum.fc.client.impl.connection.docbase.DocbaseConnection.<init>(DocbaseConnection.java:59)
	at com.documentum.fc.client.impl.connection.docbase.DocbaseConnectionFactory.newDocbaseConnection(DocbaseConnectionFactory.java:26)
	at com.documentum.fc.client.impl.connection.docbase.DocbaseConnectionManager.createNewConnection(DocbaseConnectionManager.java:180)
	at com.documentum.fc.client.impl.connection.docbase.DocbaseConnectionManager.getDocbaseConnection(DocbaseConnectionManager.java:110)
	at com.documentum.fc.client.impl.session.SessionFactory.newSession(SessionFactory.java:23)
	at com.documentum.fc.client.impl.session.PrincipalAwareSessionFactory.newSession(PrincipalAwareSessionFactory.java:44)
	at com.documentum.fc.client.impl.session.PooledSessionFactory.newSession(PooledSessionFactory.java:49)
	at com.documentum.fc.client.impl.session.SessionManager.getSessionFromFactory(SessionManager.java:120)
	at com.documentum.fc.client.impl.session.SessionManager.newSession(SessionManager.java:70)
	at com.documentum.fc.client.impl.session.SessionManager.getSession(SessionManager.java:177)
	at com.documentum.fc.client.impl.bof.classmgmt.ModuleManager.connect(ModuleManager.java:385)
	at com.documentum.fc.client.impl.bof.classmgmt.ModuleManager.init(ModuleManager.java:340)
	at com.documentum.fc.client.impl.bof.classmgmt.ModuleManager.getInstance(ModuleManager.java:43)
	at com.documentum.fc.client.security.impl.DfcIdentityPublisher.<init>(DfcIdentityPublisher.java:44)
	at com.documentum.fc.client.security.internal.RegistrationMgr.register(RegistrationMgr.java:34)
	at com.documentum.fc.impl.RuntimeContext.<clinit>(RuntimeContext.java:195)
	at com.documentum.fc.client.DfClient.<clinit>(DfClient.java:772)
	at com.alstom.dfc.Connector.connectToDocbase(Connector.java:55)
	at com.alstom.dfc.Standalone.main(Standalone.java:18)
WARN main com.documentum.fc.client.security.internal.RegistrationMgr - [DFC_SECURITY_GR_PUBLICATION_FAILED] Publication of DFC instance with global registry failed
DfException:: THREAD: main; MSG: [DFC_BOF_GLOBAL_REGISTRY_UNAVAILABLE] Unable to connect to the global registry no session; ERRORCODE: ff; NEXT: null
	at com.documentum.fc.client.security.impl.DfcIdentityPublisher.<init>(DfcIdentityPublisher.java:55)
	at com.documentum.fc.client.security.internal.RegistrationMgr.register(RegistrationMgr.java:34)
	at com.documentum.fc.impl.RuntimeContext.<clinit>(RuntimeContext.java:195)
	at com.documentum.fc.client.DfClient.<clinit>(DfClient.java:772)
	at com.alstom.dfc.Connector.connectToDocbase(Connector.java:55)
	at com.alstom.dfc.Standalone.main(Standalone.java:18)
INFO main com.documentum.fc.client.impl.connection.docbase.DocbaseConnection - Object protocol version 2
INFO main com.alstom.dfc.Standalone - Application done.
